<?xml version="1.0" encoding="UTF-8"?>
<!-- Generated by org.testng.reporters.JUnitReportReporter -->
<testsuite hostname="CG-DTE-Student" name="testng.RunningBatches.Child1" tests="3" failures="0" timestamp="12 Sep 2019 06:26:15 GMT" time="0.057" errors="0">
  <testcase name="test1" time="0.009" classname="testng.RunningBatches.Child1"/>
  <testcase name="test2" time="0.039" classname="testng.RunningBatches.Child1"/>
  <testcase name="test3" time="0.009" classname="testng.RunningBatches.Child1"/>
</testsuite> <!-- testng.RunningBatches.Child1 -->
