<?xml version="1.0" encoding="UTF-8"?>
<!-- Generated by org.testng.reporters.JUnitReportReporter -->
<testsuite hostname="CG-DTE-Student" name="testng.ParallelTests" tests="2" failures="0" timestamp="12 Sep 2019 11:56:56 GMT" time="167.156" errors="0">
  <testcase name="test2" time="97.136" classname="testng.ParallelTests"/>
  <testcase name="test1" time="70.020" classname="testng.ParallelTests"/>
</testsuite> <!-- testng.ParallelTests -->
