<?xml version="1.0" encoding="UTF-8"?>
<!-- Generated by org.testng.reporters.JUnitReportReporter -->
<testsuite hostname="CG-DTE-Student" name="testng.Data_Test" tests="3" failures="0" timestamp="12 Sep 2019 08:53:03 GMT" time="0.069" errors="0">
  <testcase name="register" time="0.010" classname="testng.Data_Test"/>
  <testcase name="register" time="0.018" classname="testng.Data_Test"/>
  <testcase name="forms" time="0.041" classname="testng.Data_Test"/>
</testsuite> <!-- testng.Data_Test -->
