<?xml version="1.0" encoding="UTF-8"?>
<!-- Generated by org.testng.reporters.JUnitReportReporter -->
<testsuite hostname="CG-DTE-Student" name="testng.Grouping" tests="2" failures="0" timestamp="12 Sep 2019 09:11:40 GMT" time="0.043" errors="0">
  <testcase name="test3" time="0.006" classname="testng.Grouping"/>
  <testcase name="test2" time="0.037" classname="testng.Grouping"/>
</testsuite> <!-- testng.Grouping -->
