<?xml version="1.0" encoding="UTF-8"?>
<!-- Generated by org.testng.reporters.JUnitReportReporter -->
<testsuite hostname="CG-DTE-Student" name="testng.RunningBatches.Child3" tests="3" failures="0" timestamp="12 Sep 2019 06:14:04 GMT" time="0.030" errors="0">
  <testcase name="testQ" time="0.013" classname="testng.RunningBatches.Child3"/>
  <testcase name="testR" time="0.007" classname="testng.RunningBatches.Child3"/>
  <testcase name="testP" time="0.010" classname="testng.RunningBatches.Child3"/>
</testsuite> <!-- testng.RunningBatches.Child3 -->
