<?xml version="1.0" encoding="UTF-8"?>
<!-- Generated by org.testng.reporters.JUnitReportReporter -->
<testsuite hostname="CG-DTE-Student" name="testng.RunningBatches.Child2" tests="3" failures="0" timestamp="12 Sep 2019 06:26:15 GMT" time="0.027" errors="0">
  <testcase name="testB" time="0.009" classname="testng.RunningBatches.Child2"/>
  <testcase name="testA" time="0.011" classname="testng.RunningBatches.Child2"/>
  <testcase name="testC" time="0.007" classname="testng.RunningBatches.Child2"/>
</testsuite> <!-- testng.RunningBatches.Child2 -->
