<?xml version="1.0" encoding="UTF-8"?>
<!-- Generated by org.testng.reporters.JUnitReportReporter -->
<testsuite hostname="CG-DTE-Student" name="testng.Hieararchy" tests="2" failures="0" timestamp="12 Sep 2019 05:23:44 GMT" time="0.108" errors="0">
  <testcase name="teaardown" time="0.016" classname="testng.Hieararchy"/>
  <testcase name="setup" time="0.092" classname="testng.Hieararchy"/>
</testsuite> <!-- testng.Hieararchy -->
