<?xml version="1.0" encoding="UTF-8"?>
<!-- Generated by org.testng.reporters.JUnitReportReporter -->
<testsuite hostname="CG-DTE-Student" name="testng.RunningBatches.Class4" tests="3" failures="0" timestamp="12 Sep 2019 06:14:04 GMT" time="0.016" errors="0">
  <testcase name="testZ" time="0.005" classname="testng.RunningBatches.Class4"/>
  <testcase name="testX" time="0.005" classname="testng.RunningBatches.Class4"/>
  <testcase name="testY" time="0.006" classname="testng.RunningBatches.Class4"/>
</testsuite> <!-- testng.RunningBatches.Class4 -->
