<?xml version="1.0" encoding="UTF-8"?>
<!-- Generated by org.testng.reporters.JUnitReportReporter -->
<testsuite hostname="CG-DTE-Student" name="log4j.Demo" tests="1" failures="0" timestamp="12 Sep 2019 16:03:56 GMT" time="0.093" errors="0">
  <testcase name="test" time="0.093" classname="log4j.Demo"/>
</testsuite> <!-- log4j.Demo -->
