<?xml version="1.0" encoding="UTF-8"?>
<!-- Generated by org.testng.reporters.JUnitReportReporter -->
<testsuite hostname="CG-DTE-Student" name="testng.Dataprovider" tests="3" failures="0" timestamp="12 Sep 2019 08:46:32 GMT" time="0.181" errors="0">
  <testcase name="forms" time="0.161" classname="testng.Dataprovider"/>
  <testcase name="register" time="0.010" classname="testng.Dataprovider"/>
  <testcase name="register" time="0.010" classname="testng.Dataprovider"/>
</testsuite> <!-- testng.Dataprovider -->
